<?xml version="1.0" encoding="UTF-8"?>
<testng-results skipped="0" failed="0" ignored="0" total="1" passed="1">
  <reporter-output>
  </reporter-output>
  <suite name="Default suite" duration-ms="24972" started-at="2021-08-05T17:55:36 IST" finished-at="2021-08-05T17:56:01 IST">
    <groups>
    </groups>
    <test name="Default test" duration-ms="24972" started-at="2021-08-05T17:55:36 IST" finished-at="2021-08-05T17:56:01 IST">
      <class name="testcases.ExtentReports_TestNG">
        <test-method status="PASS" signature="setUpTest()[pri:0, instance:testcases.ExtentReports_TestNG@687080dc]" name="setUpTest" is-config="true" duration-ms="8448" started-at="2021-08-05T17:55:36 IST" finished-at="2021-08-05T17:55:45 IST">
          <reporter-output>
          </reporter-output>
        </test-method> <!-- setUpTest -->
        <test-method status="PASS" signature="googleSearchText()[pri:0, instance:testcases.ExtentReports_TestNG@687080dc]" name="googleSearchText" duration-ms="11560" started-at="2021-08-05T17:55:45 IST" finished-at="2021-08-05T17:55:57 IST">
          <reporter-output>
          </reporter-output>
        </test-method> <!-- googleSearchText -->
        <test-method status="PASS" signature="tearDownTest()[pri:0, instance:testcases.ExtentReports_TestNG@687080dc]" name="tearDownTest" is-config="true" duration-ms="4930" started-at="2021-08-05T17:55:57 IST" finished-at="2021-08-05T17:56:01 IST">
          <reporter-output>
          </reporter-output>
        </test-method> <!-- tearDownTest -->
      </class> <!-- testcases.ExtentReports_TestNG -->
    </test> <!-- Default test -->
  </suite> <!-- Default suite -->
</testng-results>
